##############################################################

 PACKMOL - Packing optimization for the automated
 generation of starting configurations for
 molecular dynamics. 
 
                                          Version 1.1.1.258 

##############################################################


  Packmol must be run with: packmol < inputfile.inp 

  Userguide at: www.ime.unicamp.br/~martinez/packmol 

  Reading input file... (Control-C aborts)
  Seed for random number generator:     19128787
  Output file: box_ion.pdb                                       
  Reading coordinate file: recenter.pdb
  Reading coordinate file: CLA.pdb
  Number of independent structures:            2
  The structures are: 
  Structure            1 :recenter.pdb(          14  atoms)
  Structure            2 :CLA.pdb(           1  atoms)
  Total number of restrictions:            3
  Distance tolerance:    2.0000000000000000     
  Number of molecules of type            1 :            1
  Number of molecules of type            2 :            1
  Warning: Type of residue numbering not set for  structure            1
  Residue numbering set for structure            1 :           0
  Warning: Type of residue numbering not set for  structure            2
  Residue numbering set for structure            2 :           0
  Total number of atoms:           15
  Total number of molecules:            2
  Number of fixed molecules:            0
  Number of free molecules:            2
  Number of variables:           12
  Total number of fixed atoms:            0
  Maximum internal distance of type            1 :   0.47799372380816879     
  Maximum internal distance of type            2 :    0.0000000000000000     
  All atoms must be within these coordinates: 
   x: [   -400.00000000000000      ,    400.00000000000000       ] 
   y: [   -400.00000000000000      ,    400.00000000000000       ] 
   z: [   -400.00000000000000      ,    400.00000000000000       ] 
  If the system is larger than this, increase the
  sidemax parameter in the sizes.i file. 


------------- Building initial approximation ... -------------

  Adjusting initial point to fit the constraints 
  Packing:|0                                          10|
          |*************************

  Restraint-only function value:    1.5649541793238242E-012
  Rescaling maximum and minimum coordinates... 
  Computing size of patches... 
  Add fixed molecules to permanent arrays... 
  Reseting center of mass... 
  Building random initial point ... 
  Packing:|0                                          10|
          |*****

  Restraint-only function value:    0.0000000000000000     

##############################################################

  Objective function at initial point:    0.0000000000000000     

##############################################################

  Packing molecules of type            2

##############################################################

----------------- Starting GENCAN loop(   0) -----------------
                                         Tolerance:      2.20
  Packing:|0                                          10|
  Current point is a solution.


  Function value from last GENCAN loop: f = .00000E+00
  Best function value before: f = .00000E+00
  Improvement from best function value:    99.99 %
  Improvement from last loop:    99.99 %
  Minimum distance between atoms:  10.000000
  Maximum violation of the constraints: .00000E+00
--------------------------------------------------------------

##############################################################
  Packing solved for molecules of type           2
  Objective function value:    0.0000000000000000     
  Minimum distance between atoms:    10000000000.000000     
  Max. constraint violation:    0.0000000000000000     
##############################################################

##############################################################

  Solving the problem for all molecules together.

##############################################################


----------------- Starting GENCAN loop(   0) -----------------
                                         Tolerance:      2.20
  Packing:|0                                          10|
  Current point is a solution.


  Function value from last GENCAN loop: f = .00000E+00
  Best function value before: f = .00000E+00
  Improvement from best function value:    99.99 %
  Improvement from last loop:    99.99 %
  Minimum distance between atoms:  10.000000
  Maximum violation of the constraints: .00000E+00
--------------------------------------------------------------

  Writing structure to output file... 
  Best solution written to file: box_ion.pdb

##############################################################

                           Success! 
          Final objective function value: .00000E+00
          Minimum distance between atoms: **********
          Maximum violation of the constraints: .00000E+00
--------------------------------------------------------------
 Please cite this work if Packmol was useful: 
 L. Martinez, R. Andrade, E. G. Birgin, J. M. Martinez, 
 PACKMOL: A package for building initial configurations 
 for molecular dynamics simulations. 
 Journal of Computational Chemistry, 30:2157-2164,2009.

##############################################################

   Running time:    7.27200042E-03  seconds. 
