1
                 Chemistry at HARvard Macromolecular Mechanics
           (CHARMM) - Developmental Version 43b1     August 15, 2018            
       Copyright(c) 1984-2014  President and Fellows of Harvard College
                              All Rights Reserved
  Current operating system: Linux-4.18.0-513.5.1.el8_9.x86_64(x86_64)@login-1   
                 Created on 12/11/24 at 15:37:24 by user: jbodosa     

            Maximum number of ATOMS:    360720, and RESidues:      120240
 RDTITL> * GENERATED BY SYSGEN
 RDTITL> * THIS IS TO RECENTER THE SYS AND GET CHARMM COMPATIBLE PDB/PSF/CRD
 RDTITL> * MADE BY JBODOSA ON 2024-12-11 18:50:11.128296+00:00
 RDTITL> *
  
 CHARMM>     
  
 CHARMM>    DIMENS CHSIZE 2000000
Size      Original         New
MAXA        360720     2000000
MAXB        360720     2000000
MAXT        721440     4000000
MAXP       1082160     6000000
MAXIMP      180360     1000000
MAXNB        90180      500000
MAXPAD      360720     2000000
MAXRES      120240      666666
MAXSEG       45090      250000
MAXATC        1400
MAXCB         3000
MAXCT        50000
MAXCP        20000
MAXCI         1200
MAXCH         6400
MAXCN       502503
MAXCRT      120240      666666
  
 CHARMM>    !DIMENS CHSIZE 5000000 MAXRES 3000000
 CHARMM>     
  
 CHARMM>    bomlev -3
 MISCOM> Setting BOMLev < -2 is NOT a good idea.
  
 CHARMM>     
  
 CHARMM>    !! Read system size
 CHARMM>    stream sys_size.str
 VOPEN> Attempting to open::sys_size.str::
 OPNLGU> Unit 99 opened for READONLY access to sys_size.str

                    INPUT STREAM SWITCHING TO UNIT    99
 RDTITL> * SYSTEM DIMENSIONS
 RDTITL> *
 Parameter: IN1 <- "" <empty>
  
 CHARMM>     SET BOXTYPE  = RECT
 Parameter: BOXTYPE <- "RECT"
  
 CHARMM>     SET XTLTYPE  = TETRAGONAL
 Parameter: XTLTYPE <- "TETRAGONAL"
  
 CHARMM>     SET A        = 60
 Parameter: A <- "60"
  
 CHARMM>     SET B        = 60
 Parameter: B <- "60"
  
 CHARMM>     SET C        = 60
 Parameter: C <- "60"
  
 CHARMM>     SET ALPHA    = 90.0
 Parameter: ALPHA <- "90.0"
  
 CHARMM>     SET BETA     = 90.0
 Parameter: BETA <- "90.0"
  
 CHARMM>     SET GAMMA    = 90.0
 Parameter: GAMMA <- "90.0"
  
 CHARMM>     SET XCEN     = 0
 Parameter: XCEN <- "0"
  
 CHARMM>     SET YCEN     = 0
 Parameter: YCEN <- "0"
  
 CHARMM>     SET ZCEN     = 0
 Parameter: ZCEN <- "0"
  
 CHARMM>     SET NWATER   = 0
 Parameter: NWATER <- "0"
  
 VCLOSE: Closing unit   99 with status "KEEP"

                    RETURNING TO INPUT STREAM     5
  
 CHARMM>    !! Read charmm ff files
 CHARMM>    stream toppar.str
 VOPEN> Attempting to open::toppar.str::
 OPNLGU> Unit 99 opened for READONLY access to toppar.str

                    INPUT STREAM SWITCHING TO UNIT    99
 RDTITL> * GENERATED BY CHARMM-GUI (HTTP://WWW.CHARMM-GUI.ORG) VERSION ON JAN, 05. 2015.
 RDTITL> * STREAM FILE FOR TOPOLOGY AND PARAMETER READING
 RDTITL> *
 Parameter: IN1 <- "" <empty>
  
 CHARMM>     
  
 CHARMM>     
  
 CHARMM>     
  
 CHARMM>    ! protein topology and parameter
 CHARMM>    open read card unit 10 name ../forcefield/toppar_c36_jul20/top_all36_prot.rtf
 VOPEN> Attempting to open::../forcefield/toppar_c36_jul20/top_all36_prot.rtf::
 OPNLGU> Unit 10 opened for READONLY access to ../forcefield/toppar_c36_jul20/top_all36_prot.rtf
  
 CHARMM>    read  rtf card unit 10
 MAINIO> Residue topology file being read from unit  10.
 TITLE> *>>>>>>>>CHARMM36 ALL-HYDROGEN TOPOLOGY FILE FOR PROTEINS <<<<<<
 TITLE> *>>>>> INCLUDES PHI, PSI CROSS TERM MAP (CMAP) CORRECTION <<<<<<<
 TITLE> *>>>>>>>>>>>>>>>>>>>>>>>>>> MAY 2011 <<<<<<<<<<<<<<<<<<<<<<<<<<<<
 TITLE> * ALL COMMENTS TO THE CHARMM WEB SITE: WWW.CHARMM.ORG
 TITLE> *             PARAMETER SET DISCUSSION FORUM
 TITLE> *
  
 CHARMM>     
  
 CHARMM>    open read card unit 20 name ../forcefield/toppar_c36_jul20/par_all36m_prot.prm
 VOPEN> Attempting to open::../forcefield/toppar_c36_jul20/par_all36m_prot.prm::
 OPNLGU> Unit 20 opened for READONLY access to ../forcefield/toppar_c36_jul20/par_all36m_prot.prm
  
 CHARMM>    read para card unit 20 flex

          PARAMETER FILE BEING READ FROM UNIT 20
 TITLE> *>>>> CHARMM36 ALL-HYDROGEN PARAMETER FILE FOR PROTEINS <<<<<<<<<<
 TITLE> *>>>>> INCLUDES PHI, PSI CROSS TERM MAP (CMAP) CORRECTION <<<<<<<<
 TITLE> *>>>>>>>>>>>>>>>>>>>>>>>>>> JAN. 2016 <<<<<<<<<<<<<<<<<<<<<<<<<<<<
 TITLE> * ALL COMMENTS TO THE CHARMM WEB SITE: WWW.CHARMM.ORG
 TITLE> *             PARAMETER SET DISCUSSION FORUM
 TITLE> *
 PARMIO> NONBOND, HBOND lists and IMAGE atoms cleared.
  
 CHARMM>     
  
 CHARMM>    ! lipids
 CHARMM>    open read card unit 10 name ../forcefield/toppar_c36_jul20/top_all36_lipid.rtf
 OPNLGU> Unit already open. The old file will be closed first.
 VCLOSE: Closing unit   10 with status "KEEP"
 VOPEN> Attempting to open::../forcefield/toppar_c36_jul20/top_all36_lipid.rtf::
 OPNLGU> Unit 10 opened for READONLY access to ../forcefield/toppar_c36_jul20/top_all36_lipid.rtf
  
 CHARMM>    read  rtf card unit 10 append
 MAINIO> Residue topology file being read from unit  10.
 TITLE> *  \\\\\\\ CHARMM36 ALL-HYDROGEN LIPID TOPOLOGY FILE ///////
 TITLE> *  ALL COMMENTS AND QUESTIONS SHOULD BE SUBMITTED TO THE
 TITLE> *  PARAMETER FORUM AT THE CHARMM WEBSITE: WWW.CHARMM.ORG
 TITLE> *
  
 CHARMM>     
  
 CHARMM>    open read card unit 20 name ../forcefield/toppar_c36_jul20/par_all36_lipid.prm
 OPNLGU> Unit already open. The old file will be closed first.
 VCLOSE: Closing unit   20 with status "KEEP"
 VOPEN> Attempting to open::../forcefield/toppar_c36_jul20/par_all36_lipid.prm::
 OPNLGU> Unit 20 opened for READONLY access to ../forcefield/toppar_c36_jul20/par_all36_lipid.prm
  
 CHARMM>    read para card unit 20 append flex

          PARAMETER FILE BEING READ FROM UNIT 20
 TITLE> *  \\\\\\\ CHARMM36 ALL-HYDROGEN LIPID PARAMETER FILE ///////
 TITLE> *  ALL COMMENTS AND QUESTIONS SHOULD BE SUBMITTED TO THE
 TITLE> *  PARAMETER FORUM AT THE CHARMM WEBSITE: WWW.CHARMM.ORG
 TITLE> *
 PARMIO> NONBOND, HBOND lists and IMAGE atoms cleared.
  
 CHARMM>     
  
 CHARMM>    ! NA
 CHARMM>    open read card unit 10 name ../forcefield/toppar_c36_jul20/top_all36_na.rtf
 OPNLGU> Unit already open. The old file will be closed first.
 VCLOSE: Closing unit   10 with status "KEEP"
 VOPEN> Attempting to open::../forcefield/toppar_c36_jul20/top_all36_na.rtf::
 OPNLGU> Unit 10 opened for READONLY access to ../forcefield/toppar_c36_jul20/top_all36_na.rtf
  
 CHARMM>    read  rtf card unit 10 append
 MAINIO> Residue topology file being read from unit  10.
 TITLE> *  \\\\ CHARMM36 ALL-HYDROGEN NUCLEIC ACID TOPOLOGY FILE ////
 TITLE> *   ALEXANDER D. MACKERELL JR. AND COWORKERS
 TITLE> *                      APRIL 2011
 TITLE> * ALL COMMENTS TO THE CHARMM WEB SITE: WWW.CHARMM.ORG
 TITLE> *           PARAMETER SET DISCUSSION FORUM
 TITLE> *
  
 CHARMM>     
  
 CHARMM>    open read card unit 20 name ../forcefield/toppar_c36_jul20/par_all36_na.prm
 OPNLGU> Unit already open. The old file will be closed first.
 VCLOSE: Closing unit   20 with status "KEEP"
 VOPEN> Attempting to open::../forcefield/toppar_c36_jul20/par_all36_na.prm::
 OPNLGU> Unit 20 opened for READONLY access to ../forcefield/toppar_c36_jul20/par_all36_na.prm
  
 CHARMM>    read para card unit 20 append flex

          PARAMETER FILE BEING READ FROM UNIT 20
 TITLE> * \\\\ CHARMM36 ALL-HYDROGEN NUCLEIC ACID PARAMETER FILE ////
 TITLE> *         ALEXANDER D. MACKERELL JR. AND COWORKERS
 TITLE> *                        APRIL 2011
 TITLE> * ALL COMMENTS TO THE CHARMM WEB SITE: WWW.CHARMM.ORG PARAMETER
 TITLE> *                     SET DISCUSSION FORUM
 TITLE> *
 PARMIO> NONBOND, HBOND lists and IMAGE atoms cleared.
  
 CHARMM>     
  
 CHARMM>    ! Carb
 CHARMM>    open read card unit 10 name ../forcefield/toppar_c36_jul20/top_all36_carb.rtf
 OPNLGU> Unit already open. The old file will be closed first.
 VCLOSE: Closing unit   10 with status "KEEP"
 VOPEN> Attempting to open::../forcefield/toppar_c36_jul20/top_all36_carb.rtf::
 OPNLGU> Unit 10 opened for READONLY access to ../forcefield/toppar_c36_jul20/top_all36_carb.rtf
  
 CHARMM>    read  rtf card unit 10 append
 MAINIO> Residue topology file being read from unit  10.
 TITLE> * $ID: TOP_ALLXX_SUGAR.INP,V 1.106 2014/08/19 19:07:43 ALEX EXP $
 TITLE> *>>>>>>>>>>>> ALL-HYDROGEN TOPOLOGIES USED IN THE <<<<<<<<<<<<<<<<
 TITLE> *>>>>> DEVELOPMENT OF THE CHARMM CARBOHYDRATE  FORCE FIELD<<<<<<<<
 TITLE> *>>>>>>>>>>>>>>>>>>>>>>>>> JUNE 2009 <<<<<<<<<<<<<<<<<<<<<<<<<<<<<
 TITLE> *>>>>>>>> DIRECT COMMENTS TO ALEXANDER D. MACKERELL JR. <<<<<<<<<<
 TITLE> *>>>>>>>>>> VIA THE CHARMM WEB SITE: WWW.CHARMM.ORG <<<<<<<<<<<<<<
 TITLE> *>>>>>>>>>>>>>>> PARAMETER SET DISCUSSION FORUM <<<<<<<<<<<<<<<<<<
 TITLE> *
  
 CHARMM>     
  
 CHARMM>    open read card unit 20 name ../forcefield/toppar_c36_jul20/par_all36_carb.prm
 OPNLGU> Unit already open. The old file will be closed first.
 VCLOSE: Closing unit   20 with status "KEEP"
 VOPEN> Attempting to open::../forcefield/toppar_c36_jul20/par_all36_carb.prm::
 OPNLGU> Unit 20 opened for READONLY access to ../forcefield/toppar_c36_jul20/par_all36_carb.prm
  
 CHARMM>    read para card unit 20 append flex

          PARAMETER FILE BEING READ FROM UNIT 20
 TITLE> * $ID: PAR_ALLXX_SUGAR.INP,V 1.132 2014/08/19 19:03:21 ALEX EXP $
 TITLE> *>>>>>>>>>>>> ALL-HYDROGEN PARAMETERS USED IN THE <<<<<<<<<<<<<<<<
 TITLE> *>>>>> DEVELOPMENT OF THE CHARMM CARBOHYDRATE  FORCE FIELD<<<<<<<<
 TITLE> *>>>>>>>>>>>>>>>>>>>>>>>>> JUNE 2009 <<<<<<<<<<<<<<<<<<<<<<<<<<<<<
 TITLE> *>>>>>>>> DIRECT COMMENTS TO ALEXANDER D. MACKERELL JR. <<<<<<<<<<
 TITLE> *>>>>>>>>>> VIA THE CHARMM WEB SITE: WWW.CHARMM.ORG <<<<<<<<<<<<<<
 TITLE> *>>>>>>>>>>>>>>> PARAMETER SET DISCUSSION FORUM <<<<<<<<<<<<<<<<<<
 TITLE> *
 PARMIO> NONBOND, HBOND lists and IMAGE atoms cleared.
  
 CHARMM>     
  
 CHARMM>    ! CGENFF
 CHARMM>    open read card unit 10 name ../forcefield/toppar_c36_jul20/top_all36_cgenff.rtf
 OPNLGU> Unit already open. The old file will be closed first.
 VCLOSE: Closing unit   10 with status "KEEP"
 VOPEN> Attempting to open::../forcefield/toppar_c36_jul20/top_all36_cgenff.rtf::
 OPNLGU> Unit 10 opened for READONLY access to ../forcefield/toppar_c36_jul20/top_all36_cgenff.rtf
  
 CHARMM>    read  rtf card unit 10 append
 MAINIO> Residue topology file being read from unit  10.
 TITLE> *  --------------------------------------------------------------------------  *
 TITLE> *          CGENFF: TOPOLOGY FOR THE CHARMM GENERAL FORCE FIELD V. 4.4          *
 TITLE> *                    FOR SMALL MOLECULE DRUG DESIGN                            *
 TITLE> *  --------------------------------------------------------------------------  *
 TITLE> *

 DRUDES PARTICLES WILL BE GENERATED AUTOMATICALLY FOR ALL ATOMS WITH NON-ZERO ALPHA
 Thole-type dipole screening, Slater-Delta shape {S(u) = 1 - (1+u/2)*exp(-u)}, default radius =  1.300000
  
 CHARMM>     
  
 CHARMM>    open read card unit 20 name ../forcefield/toppar_c36_jul20/par_all36_cgenff.prm
 OPNLGU> Unit already open. The old file will be closed first.
 VCLOSE: Closing unit   20 with status "KEEP"
 VOPEN> Attempting to open::../forcefield/toppar_c36_jul20/par_all36_cgenff.prm::
 OPNLGU> Unit 20 opened for READONLY access to ../forcefield/toppar_c36_jul20/par_all36_cgenff.prm
  
 CHARMM>    read para card unit 20 append flex

          PARAMETER FILE BEING READ FROM UNIT 20
 TITLE> *  --------------------------------------------------------------------------  *
 TITLE> *         CGENFF: PARAMETERS FOR THE CHARMM GENERAL FORCE FIELD V. 4.4         *
 TITLE> *                    FOR SMALL MOLECULE DRUG DESIGN                            *
 TITLE> *  --------------------------------------------------------------------------  *
 TITLE> *  2017/8: IF PROTEIN, NUCLEIC ACID AND CARBOHYDRATE TOPOLOGY AND PARAMETER FILES
 TITLE> *  ARE NOT READ PRIOR TO THE CGENFF FILES "WARNING: ATOMS IN NBFIX ' errors will
 TITLE> *  BE ENCOUNTERED.  THESE CAN BE PASSED BY SETTING BOMLEV ( -2) PRIOR TO READING
 TITLE> *  THIS FILE. IN ADDITION, WHEN GENERATING AROMATIC HALOGENS (CL, BR, I) WITH
 TITLE> *  PRE C41B/C42A VERSIONS OF CHARMM "MISSING PARAMETER" ERRORS WILL BE
 TITLE> *  ENCOUNTERED THAT ALSO REQUIRE SETTING BOMLEV ( -2).
 TITLE> *
 PARMIO> NONBOND, HBOND lists and IMAGE atoms cleared.
  
 CHARMM>     
  
 CHARMM>    ! Read additional topology and parameter file for water and ions
 CHARMM>    stream ../forcefield/toppar_c36_jul20/toppar_water_ions_charmm.str
 VOPEN> Attempting to open::../forcefield/toppar_c36_jul20/toppar_water_ions_charmm.str::
 OPNLGU> Unit 98 opened for READONLY access to ../forcefield/toppar_c36_jul20/toppar_water_ions_charmm.str

                    INPUT STREAM SWITCHING TO UNIT    98
 RDTITL> * TOPLOGY AND PARAMETER INFORMATION FOR WATER AND IONS.
 RDTITL> *
 Parameter: IN1 <- "" <empty>
  
 CHARMM>     
  
 CHARMM>    !Testcase
 CHARMM>    !test_water_ions.inp
 CHARMM>     
  
 CHARMM>    ! IMPORTANT NOTE: this file contains NBFixes between carboxylates and sodium,
 CHARMM>    ! which will only apply if the main files containing carboxylate atom types
 CHARMM>    ! have been read in first!
 CHARMM>     
  
 CHARMM>    !references
 CHARMM>    !
 CHARMM>    !TIP3P water model
 CHARMM>    !
 CHARMM>    !W.L. Jorgensen; J.Chandrasekhar; J.D. Madura; R.W. Impey;
 CHARMM>    !M.L. Klein; "Comparison of simple potential functions for
 CHARMM>    !simulating liquid water", J. Chem. Phys. 79 926-935 (1983).
 CHARMM>    !
 CHARMM>    !IONS
 CHARMM>    !
 CHARMM>    !Ions from Roux and coworkers
 CHARMM>    !
 CHARMM>    !Beglov, D. and Roux, B., Finite Representation of an Infinite
 CHARMM>    !Bulk System: Solvent Boundary Potential for Computer Simulations,
 CHARMM>    !Journal of Chemical Physics, 1994, 100: 9050-9063
 CHARMM>    !
 CHARMM>    !ZINC
 CHARMM>    !
 CHARMM>    !Stote, R.H. and Karplus, M. Zinc Binding in Proteins and
 CHARMM>    !Solution: A Simple but Accurate Nonbonded Representation, PROTEINS:
 CHARMM>    !Structure, Function, and Genetics 23:12-31 (1995)
 CHARMM>     
  
 CHARMM>    !test "append" to determine if previous toppar files have been read and
 CHARMM>    !add append to "read rtf card" if true
 CHARMM>    set nat ?NATC
 RDCMND substituted energy or value "?NATC" to "344"
 Parameter: NAT <- "344"
  
 CHARMM>    set app
 Parameter: APP <- "" <empty>
  
 CHARMM>    !We're exploiting what is arguably a bug in the parser. On the left hand side,
 CHARMM>    !the quotes have priority, so NAT is correctly substituted. On the right hand
 CHARMM>    !side, the ? has priority and NATC" (sic) is not a valid substitution...
 CHARMM>    if "@NAT" ne "?NATC" if @nat ne 0 set app append
 Parameter: NAT -> "344"
 Parameter: NAT -> "344"
 RDCMND: can not substitute energy "?NATC""
 Comparing ""344"" and ""?NATC"".
 IF test evaluated as true.  Performing command
 Comparing "344" and "0".
 IF test evaluated as true.  Performing command
 Parameter: APP <- "APPEND"
  
 CHARMM>     
  
 CHARMM>    read rtf card @app
 Parameter: APP -> "APPEND"
 MAINIO> Residue topology file being read from unit  98.
 RDTITL> * TOPOLOGY FOR WATER AND IONS
 RDTITL> *
  
 CHARMM>     
  
 CHARMM>    read para card flex @app
 Parameter: APP -> "APPEND"

          PARAMETER FILE BEING READ FROM UNIT 98
 RDTITL> * PARAMETERS FOR WATER AND IONS
 RDTITL> *
 PARMIO> NONBOND, HBOND lists and IMAGE atoms cleared.
  
 CHARMM>     
  
 CHARMM>    ! The following section contains NBFixes for sodium interacting with
 CHARMM>    ! carboxylate oxygens of various CHARMM force fields. It will generate
 CHARMM>    ! level -1 warnings whenever any of these force fields have not been
 CHARMM>    ! read prior to the current stream file. Since we don't want to force
 CHARMM>    ! the user to always read all the force fields, we're suppressing the
 CHARMM>    ! warnings. The only side effect is that you will have "most severe
 CHARMM>    ! warning was at level 0" at the end of your output. Also note that
 CHARMM>    ! the user is responsible for reading the current file last if they
 CHARMM>    ! want the NBFixes to apply. A more elegant solution would require new
 CHARMM>    ! features to be added to CHARMM.
 CHARMM>    ! parallel fix, to avoid duplicated messages in the log
 CHARMM>    set para
 Parameter: PARA <- "" <empty>
  
 CHARMM>    if ?NUMNODE gt 1 set para node 0
 RDCMND substituted energy or value "?NUMNODE" to "1"
 Comparing "1" and "1".
 IF test evaluated as false.  Skipping command
  
 CHARMM>     
  
 CHARMM>    set wrn ?WRNLEV
 RDCMND substituted energy or value "?WRNLEV" to "5"
 Parameter: WRN <- "5"
  
 CHARMM>    ! Some versions of CHARMM don't seem to initialize wrnlev...
 CHARMM>    if "@WRN" eq "?WRNLEV" set wrn 5
 Parameter: WRN -> "5"
 RDCMND: can not substitute energy "?WRNLEV""
 Comparing ""5"" and ""?WRNLEV"".
 IF test evaluated as false.  Skipping command
  
 CHARMM>    set bom ?bomlev
 RDCMND substituted energy or value "?BOMLEV" to "-3"
 Parameter: BOM <- "-3"
  
 CHARMM>    WRNLEV -1 @PARA
 Parameter: PARA -> "" <empty>
  
 CHARMM>    BOMLEV -1 @PARA
 Parameter: PARA -> "" <empty>
  
 CHARMM>    read para card flex append

          PARAMETER FILE BEING READ FROM UNIT 98
 RDTITL> * NBFIX BETWEEN CARBOXYLATE AND SODIUM
 RDTITL> *
 PARMIO> NONBOND, HBOND lists and IMAGE atoms cleared.
  
 CHARMM>    BOMLEV @bom @PARA
 Parameter: BOM -> "-3"
 Parameter: PARA -> "" <empty>
 MISCOM> Setting BOMLev < -2 is NOT a good idea.
  
 CHARMM>    WRNLEV @wrn @PARA
 Parameter: WRN -> "5"
 Parameter: PARA -> "" <empty>
  
 CHARMM>     
  
 CHARMM>    return
 VCLOSE: Closing unit   98 with status "KEEP"

                    RETURNING TO INPUT STREAM    99
  
 CHARMM>    ! stream ../forcefield/toppar_c36_jul20/toppar_water_ions_namd_noadj.str
 CHARMM>     
  
 CHARMM>    ! Extra Lipids
 CHARMM>    stream ../forcefield/toppar_c36_jul20/stream/lipid/toppar_all36_lipid_model_yalun.str
 VOPEN> Attempting to open::../forcefield/toppar_c36_jul20/stream/lipid/toppar_all36_lipid_model_yalun.str::
 OPNLGU> Unit 98 opened for READONLY access to ../forcefield/toppar_c36_jul20/stream/lipid/toppar_all36_lipid_model_yalun.str

                    INPUT STREAM SWITCHING TO UNIT    98
 RDTITL> * CHARMM36 ALL-HYDROGEN LIPID FORCE FIELD TOPPAR STREAM FILE
 RDTITL> * COLLECTION OF RESIDUES AND PATCHES FOR MODEL COMPOUNDS USED
 RDTITL> * IN THE OPTIMIZATION THE LIPID FORCE FIELD.
 RDTITL> *
 Parameter: IN1 <- "" <empty>
  
 CHARMM>     
  
 CHARMM>    !Parent files that have to be read prior to streaming this file
 CHARMM>    !top_all36_lipid.rtf
 CHARMM>    !par_all36_lipid.prm
 CHARMM>     
  
 CHARMM>    !Testcase
 CHARMM>    !test_all36_lipid_model.inp
 CHARMM>     
  
 CHARMM>    read rtf card append
 MAINIO> Residue topology file being read from unit  98.
 RDTITL> * C36 LIPID MODEL COMPOUNDS
 RDTITL> *
*** WARNING **** residue MAS  already exists (old one deleted)
          RESI MAS          0.00
*** WARNING **** residue ETAC already exists (old one deleted)
          RESI ETAC         0.00
*** WARNING **** residue MPRO already exists (old one deleted)
          RESI MPRO         0.00
*** WARNING **** residue ACEH already exists (old one deleted)
          RESI ACEH         0.00
*** WARNING **** residue MP_1 already exists (old one deleted)
          RESI MP_1        -1.00
*** WARNING **** residue MP_2 already exists (old one deleted)
          RESI MP_2        -2.00
*** WARNING **** residue MSO4 already exists (old one deleted)
          RESI MSO4        -1.00
*** WARNING **** residue BUTA already exists (old one deleted)
          RESI BUTA         0.00
*** WARNING **** residue PENT already exists (old one deleted)
          RESI PENT         0.00
*** WARNING **** residue HEXA already exists (old one deleted)
          RESI HEXA         0.00
*** WARNING **** residue ETHE already exists (old one deleted)
          RESI ETHE       0.00
*** WARNING **** residue PRPE already exists (old one deleted)
          RESI PRPE       0.00
*** WARNING **** residue BTE1 already exists (old one deleted)
          RESI BTE1       0.00
*** WARNING **** residue BTE2 already exists (old one deleted)
          RESI BTE2       0.00
*** WARNING **** residue DIPE already exists (old one deleted)
          RESI DIPE       0.00
*** WARNING **** residue DIHE already exists (old one deleted)
          RESI DIHE       0.00
*** WARNING **** residue NC4  already exists (old one deleted)
          RESI NC4          1.00
*** WARNING **** residue NC5  already exists (old one deleted)
          RESI NC5          1.00
*** WARNING **** residue CHOL already exists (old one deleted)
          RESI CHOL         1.00
*** WARNING **** residue ACHO already exists (old one deleted)
          RESI ACHO         1.00
*** WARNING **** residue PC   already exists (old one deleted)
          RESI PC           0.00
*** WARNING **** residue GPC  already exists (old one deleted)
          RESI GPC          0.00
*** WARNING **** residue TEA  already exists (old one deleted)
          RESI TEA          1.00
*** WARNING **** residue ETAM already exists (old one deleted)
          RESI ETAM       1.00
*** WARNING **** residue GLYC already exists (old one deleted)
          RESI GLYC         0.00
*** WARNING **** residue MBUT already exists (old one deleted)
          RESI MBUT         0.00
 There were  26 warning(s) from RTFRDR.
  
 CHARMM>     
  
 CHARMM>    return
 VCLOSE: Closing unit   98 with status "KEEP"

                    RETURNING TO INPUT STREAM    99
  
 VCLOSE: Closing unit   99 with status "KEEP"

                    RETURNING TO INPUT STREAM     5
  
 CHARMM>     
  
 CHARMM>     
  
 CHARMM>    !! Read in the mol/sys
 CHARMM>    read sequence MGLYOL 1
  
 CHARMM>    generate MGLYOL
 NO PATCHING WILL BE DONE ON THE FIRST RESIDUE
 NO PATCHING WILL BE DONE ON THE LAST  RESIDUE
 GENPSF> Segment   1 has been generated. Its identifier is MGLYOL.
 PSFSUM> PSF modified: NONBOND lists and IMAGE atoms cleared.
 PSFSUM> Summary of the structure file counters :
         Number of segments      =        1   Number of residues   =        1
         Number of atoms         =       14   Number of groups     =        3
         Number of bonds         =       13   Number of angles     =       21
         Number of dihedrals     =       27   Number of impropers  =        0
         Number of cross-terms   =        0
         Number of HB acceptors  =        0   Number of HB donors  =        0
         Number of NB exclusions =        0   Total charge =   -0.00000
 QXFORM> Expanded format used.
         More than 4 character SEGID used.
  
 CHARMM>     
  
 CHARMM>    open read unit 90 card name output.crd
 VOPEN> Attempting to open::output.crd::
 OPNLGU> Unit 90 opened for READONLY access to output.crd
  
 CHARMM>    read coor unit 90 card resid
          SPATIAL COORDINATES BEING READ FROM UNIT 90
 TITLE> * CHARMM COORDINATE FILE
 TITLE> * GENERATED BY SYSGEN
 TITLE> *

 ** WARNING ** For atom in coordinate file, could not find residue in PSF, and is thus ignored:

  SEGID=1        RESID=1        RESNAME= GLYOL    TYPE= C1      
 *** LEVEL  1 WARNING *** BOMLEV IS   -3

 ** WARNING ** For atom in coordinate file, could not find residue in PSF, and is thus ignored:

  SEGID=1        RESID=1        RESNAME= MGLYOL   TYPE= H11     
 *** LEVEL  1 WARNING *** BOMLEV IS   -3

 ** WARNING ** For atom in coordinate file, could not find residue in PSF, and is thus ignored:

  SEGID=1        RESID=1        RESNAME= MGLYOL   TYPE= H12     
 *** LEVEL  1 WARNING *** BOMLEV IS   -3

 ** WARNING ** For atom in coordinate file, could not find residue in PSF, and is thus ignored:

  SEGID=1        RESID=1        RESNAME= MGLYOL   TYPE= O1      
 *** LEVEL  1 WARNING *** BOMLEV IS   -3
 ** WARNING ** After reading, there are no coordinates for selected atom:     1     1 MGLYOL   C1      
 ** WARNING ** After reading, there are no coordinates for selected atom:     2     1 MGLYOL   H11     
 ** WARNING ** After reading, there are no coordinates for selected atom:     3     1 MGLYOL   H12     
 ** WARNING ** After reading, there are no coordinates for selected atom:     4     1 MGLYOL   O1      
 ** WARNING ** After reading, there are no coordinates for selected atom:     5     1 MGLYOL   HO1     
 ** WARNING ** After reading, there are no coordinates for selected atom:     6     1 MGLYOL   C2      
 ** WARNING ** After reading, there are no coordinates for selected atom:     7     1 MGLYOL   H2      
 ** WARNING ** After reading, there are no coordinates for selected atom:     8     1 MGLYOL   O2      
 ** WARNING ** After reading, there are no coordinates for selected atom:     9     1 MGLYOL   HO2     
 ** WARNING ** After reading, there are no coordinates for selected atom:    10     1 MGLYOL   C3      

 ** A total of    14 selected atoms have no coordinates

 ** MESSAGE **    14 atoms in coordinate file were outside the specified sequence range.
 *** LEVEL  2 WARNING *** BOMLEV IS   -3
  
 CHARMM>    close unit 90
 VCLOSE: Closing unit   90 with status "KEEP"
  
 CHARMM>     
  
 CHARMM>    define solute sele segid MGLYOL end
 SELRPN>     14 atoms have been selected out of     14
  
 CHARMM>    define SYS sele .not. hydrogen  end
 SELRPN>      6 atoms have been selected out of     14
  
 CHARMM>    cons harm absolute force 1.0 sele SYS end
 SELRPN>      6 atoms have been selected out of     14
 CSTRAN: Harmonic Restraints
          ABSOlute type as set number  1.  Number of selected atoms:      6
          Reference coordinates set to main coordinates.
          Mass weighting will NOT be used for new restraints.
          The force constant of       1.00000 will be used.
          An exponent of  2 will be used.
          The XYZ scale factors are:       1.00000       1.00000       1.00000
          A total of      6 atoms are restrained.
  
 CHARMM>     
  
 CHARMM>    calc cgtot = int ( ?cgtot )
 RDCMND substituted energy or value "?CGTOT" to "-5.551115123E-17"
Evaluating: INT(-5.551115123E-17)
 Parameter: CGTOT <- "0"
  
 CHARMM>     
  
 CHARMM>    open write unit 92 card name sys_param.str
 VOPEN> Attempting to open::sys_param.str::
 OPNLGU> Unit 92 opened for WRITE access to sys_param.str
  
 CHARMM>    write title unit 92
 RDTITL> * SET NCHARGE = 0
 RDCMND: can not substitute energy "?XMAX"
 RDTITL> * SET XMAX = ?XMAX
 RDTITL>  
  
 CHARMM>     
  
 CHARMM>    open write unit 91 card name recenter.psf
 VOPEN> Attempting to open::recenter.psf::
 OPNLGU> Unit 91 opened for WRITE access to recenter.psf
  
 CHARMM>    write psf card unit 91
 RDTITL>  
 RDTITL> No title read.
  
 CHARMM>     
  
 CHARMM>    STOP
 VCLOSE: Closing unit   10 with status "KEEP"
 VCLOSE: Closing unit   20 with status "KEEP"
 VCLOSE: Closing unit   91 with status "KEEP"
 VCLOSE: Closing unit   92 with status "KEEP"
$$$$$$  New timer profile $$$$$
 Total time                      0.96 Other:            0.00

                    NORMAL TERMINATION BY NORMAL STOP
                    MOST SEVERE WARNING WAS AT LEVEL  1

                    $$$$$ JOB ACCOUNTING INFORMATION $$$$$
                     ELAPSED TIME:     0.96  SECONDS 
                         CPU TIME:     0.82  SECONDS 
