01-04-2025 15:33:44 > - root - INFO - Start logging ...
01-04-2025 15:33:44 > - system - INFO - Set attributes of system.
01-04-2025 15:33:44 > - system - DEBUG - defaultdict(<class 'str'>, {'forcefield': 'CHARMM', 'positive_ion': 'POT', 'negative_ion': 'CLA', 'mol_list': ['DMP'], 'mol_n': ['1']})
01-04-2025 15:33:44 > - system - DEBUG - forcefield CHARMM
01-04-2025 15:33:44 > - system - DEBUG - positive_ion POT
01-04-2025 15:33:44 > - system - DEBUG - negative_ion CLA
01-04-2025 15:33:44 > - system - DEBUG - mol_list ['DMP']
01-04-2025 15:33:44 > - system - DEBUG - mol_n ['1']
01-04-2025 15:33:44 > - system - INFO - defaultdict(<class 'str'>, {'forcefield': 'CHARMM', 'positive_ion': 'POT', 'negative_ion': 'CLA', 'mol_list': ['DMP'], 'mol_n': ['1']})
01-04-2025 15:33:44 > - system - INFO - Loaded pdb.
01-04-2025 15:33:44 > - system - DEBUG - self.crd does not exist. Setting it to: convert.crd
01-04-2025 15:33:44 > - utils.write_recenter_inp - DEBUG - Wrote recenter inp
01-04-2025 15:33:45 > - utils.write_psf_inp - DEBUG - Wrote psf inp
01-04-2025 15:33:45 > - system - DEBUG - ncharge is None
01-04-2025 15:33:45 > - utils.write_getcharge_inp - DEBUG - Wrote ions inp
01-04-2025 15:33:46 > - system - DEBUG - defaultdict(<class 'str'>, {'ncharge': -1, 'xmax': 2.65707692, 'ymax': 2.053, 'zmax': 1.44884615, 'xmin': -3.21592308, 'ymin': -1.553, 'zmin': -0.899153846})
01-04-2025 15:33:46 > - system - DEBUG - ncharge -1
01-04-2025 15:33:46 > - system - DEBUG - xmax 2.65707692
01-04-2025 15:33:46 > - system - DEBUG - ymax 2.053
01-04-2025 15:33:46 > - system - DEBUG - zmax 1.44884615
01-04-2025 15:33:46 > - system - DEBUG - xmin -3.21592308
01-04-2025 15:33:46 > - system - DEBUG - ymin -1.553
01-04-2025 15:33:46 > - system - DEBUG - zmin -0.899153846
01-04-2025 15:33:46 > - system - DEBUG - ncharge: -1
01-04-2025 15:33:46 > - system - DEBUG - counter_ion : POT
